<?xml version="1.0" encoding="UTF-8"?>
<!-- Generated by org.testng.reporters.JUnitReportReporter -->
<testsuite skipped="0" hostname="DESKTOP-LA17J7K" name="Booking.RndTripValidationTest" tests="1" failures="0" timestamp="2020-02-14T07:27:24 EST" time="0.142" errors="0">
  <testcase name="validatingButton" time="0.142" classname="Booking.RndTripValidationTest"/>
</testsuite> <!-- Booking.RndTripValidationTest -->
