<?xml version="1.0" encoding="UTF-8"?>
<!-- Generated by org.testng.reporters.JUnitReportReporter -->
<testsuite skipped="0" hostname="DESKTOP-LA17J7K" name="Booking.ValidationTest" tests="1" failures="0" timestamp="2020-02-13T22:56:37 EST" time="0.058" errors="0">
  <testcase name="validatingButton" time="0.058" classname="Booking.ValidationTest"/>
</testsuite> <!-- Booking.ValidationTest -->
