<?xml version="1.0" encoding="UTF-8"?>
<!-- Generated by org.testng.reporters.JUnitReportReporter -->
<testsuite skipped="0" hostname="DESKTOP-LA17J7K" name="cucumberOptions.TestRunnerTest" tests="1" failures="0" timestamp="2020-02-20T06:15:06 EST" time="0.008" errors="0">
  <testcase name="feature" time="0.008" classname="cucumberOptions.TestRunnerTest"/>
  <system-out/>
</testsuite> <!-- cucumberOptions.TestRunnerTest -->
